This file contains any messages produced by compilers while
running configure, to aid debugging if configure makes a mistake.

It was created by tupleroute configure 0.90-dev, which was
generated by GNU Autoconf 2.59.  Invocation command line was

  $ ./configure 

## --------- ##
## Platform. ##
## --------- ##

hostname = foivos-Latitude-E6410
uname -m = x86_64
uname -r = 3.13.0-104-generic
uname -s = Linux
uname -v = #151-Ubuntu SMP Wed Nov 30 11:35:45 UTC 2016

/usr/bin/uname -p = unknown
/bin/uname -X     = unknown

/bin/arch              = unknown
/usr/bin/arch -k       = unknown
/usr/convex/getsysinfo = unknown
hostinfo               = unknown
/bin/machine           = unknown
/usr/bin/oslevel       = unknown
/bin/universe          = unknown

PATH: /usr/local/sbin
PATH: /usr/local/bin
PATH: /usr/sbin
PATH: /usr/bin
PATH: /sbin
PATH: /bin
PATH: /usr/games
PATH: /usr/local/games
PATH: /home/foivos/gsutil
PATH: /home/foivos/omnetpp-4.2.2/bin


## ----------- ##
## Core tests. ##
## ----------- ##

configure:1556: checking for a BSD-compatible install
configure:1611: result: /usr/bin/install -c
configure:1622: checking whether build environment is sane
configure:1665: result: yes
configure:1730: checking for gawk
configure:1746: found /usr/bin/gawk
configure:1756: result: gawk
configure:1766: checking whether make sets $(MAKE)
configure:1786: result: yes
configure:2008: checking for g++
configure:2024: found /usr/bin/g++
configure:2034: result: g++
configure:2050: checking for C++ compiler version
configure:2053: g++ --version </dev/null >&5
g++ (Ubuntu 4.8.4-2ubuntu1~14.04.3) 4.8.4
Copyright (C) 2013 Free Software Foundation, Inc.
This is free software; see the source for copying conditions.  There is NO
warranty; not even for MERCHANTABILITY or FITNESS FOR A PARTICULAR PURPOSE.

configure:2056: $? = 0
configure:2058: g++ -v </dev/null >&5
Using built-in specs.
COLLECT_GCC=g++
COLLECT_LTO_WRAPPER=/usr/lib/gcc/x86_64-linux-gnu/4.8/lto-wrapper
Target: x86_64-linux-gnu
Configured with: ../src/configure -v --with-pkgversion='Ubuntu 4.8.4-2ubuntu1~14.04.3' --with-bugurl=file:///usr/share/doc/gcc-4.8/README.Bugs --enable-languages=c,c++,java,go,d,fortran,objc,obj-c++ --prefix=/usr --program-suffix=-4.8 --enable-shared --enable-linker-build-id --libexecdir=/usr/lib --without-included-gettext --enable-threads=posix --with-gxx-include-dir=/usr/include/c++/4.8 --libdir=/usr/lib --enable-nls --with-sysroot=/ --enable-clocale=gnu --enable-libstdcxx-debug --enable-libstdcxx-time=yes --enable-gnu-unique-object --disable-libmudflap --enable-plugin --with-system-zlib --disable-browser-plugin --enable-java-awt=gtk --enable-gtk-cairo --with-java-home=/usr/lib/jvm/java-1.5.0-gcj-4.8-amd64/jre --enable-java-home --with-jvm-root-dir=/usr/lib/jvm/java-1.5.0-gcj-4.8-amd64 --with-jvm-jar-dir=/usr/lib/jvm-exports/java-1.5.0-gcj-4.8-amd64 --with-arch-directory=amd64 --with-ecj-jar=/usr/share/java/eclipse-ecj.jar --enable-objc-gc --enable-multiarch --disable-werror --with-arch-32=i686 --with-abi=m64 --with-multilib-list=m32,m64,mx32 --with-tune=generic --enable-checking=release --build=x86_64-linux-gnu --host=x86_64-linux-gnu --target=x86_64-linux-gnu
Thread model: posix
gcc version 4.8.4 (Ubuntu 4.8.4-2ubuntu1~14.04.3) 
configure:2061: $? = 0
configure:2063: g++ -V </dev/null >&5
g++: error: unrecognized command line option '-V'
g++: fatal error: no input files
compilation terminated.
configure:2066: $? = 4
configure:2089: checking for C++ compiler default output file name
configure:2092: g++    conftest.cc  >&5
configure:2095: $? = 0
configure:2141: result: a.out
configure:2146: checking whether the C++ compiler works
configure:2152: ./a.out
configure:2155: $? = 0
configure:2172: result: yes
configure:2179: checking whether we are cross compiling
configure:2181: result: no
configure:2184: checking for suffix of executables
configure:2186: g++ -o conftest    conftest.cc  >&5
configure:2189: $? = 0
configure:2214: result: 
configure:2220: checking for suffix of object files
configure:2241: g++ -c   conftest.cc >&5
configure:2244: $? = 0
configure:2266: result: o
configure:2270: checking whether we are using the GNU C++ compiler
configure:2294: g++ -c   conftest.cc >&5
configure:2300: $? = 0
configure:2304: test -z 
			 || test ! -s conftest.err
configure:2307: $? = 0
configure:2310: test -s conftest.o
configure:2313: $? = 0
configure:2326: result: yes
configure:2332: checking whether g++ accepts -g
configure:2353: g++ -c -g  conftest.cc >&5
configure:2359: $? = 0
configure:2363: test -z 
			 || test ! -s conftest.err
configure:2366: $? = 0
configure:2369: test -s conftest.o
configure:2372: $? = 0
configure:2383: result: yes
configure:2425: g++ -c -g -O2  conftest.cc >&5
configure:2431: $? = 0
configure:2435: test -z 
			 || test ! -s conftest.err
configure:2438: $? = 0
configure:2441: test -s conftest.o
configure:2444: $? = 0
configure:2470: g++ -c -g -O2  conftest.cc >&5
conftest.cc: In function 'int main()':
conftest.cc:15:9: error: 'exit' was not declared in this scope
 exit (42);
         ^
configure:2476: $? = 1
configure: failed program was:
| /* confdefs.h.  */
| 
| #define PACKAGE_NAME "tupleroute"
| #define PACKAGE_TARNAME "tupleroute"
| #define PACKAGE_VERSION "0.90-dev"
| #define PACKAGE_STRING "tupleroute 0.90-dev"
| #define PACKAGE_BUGREPORT "bugreports@paris-traceroute.net"
| #define PACKAGE "tupleroute"
| #define VERSION "0.90-dev"
| /* end confdefs.h.  */
| 
| int
| main ()
| {
| exit (42);
|   ;
|   return 0;
| }
configure:2425: g++ -c -g -O2  conftest.cc >&5
conftest.cc:11:40: error: 'void std::exit(int)' should have been declared inside 'std'
 extern "C" void std::exit (int) throw (); using std::exit;
                                        ^
configure:2431: $? = 1
configure: failed program was:
| /* confdefs.h.  */
| 
| #define PACKAGE_NAME "tupleroute"
| #define PACKAGE_TARNAME "tupleroute"
| #define PACKAGE_VERSION "0.90-dev"
| #define PACKAGE_STRING "tupleroute 0.90-dev"
| #define PACKAGE_BUGREPORT "bugreports@paris-traceroute.net"
| #define PACKAGE "tupleroute"
| #define VERSION "0.90-dev"
| /* end confdefs.h.  */
| extern "C" void std::exit (int) throw (); using std::exit;
| #include <stdlib.h>
| int
| main ()
| {
| exit (42);
|   ;
|   return 0;
| }
configure:2425: g++ -c -g -O2  conftest.cc >&5
conftest.cc:11:31: error: 'void std::exit(int)' should have been declared inside 'std'
 extern "C" void std::exit (int); using std::exit;
                               ^
In file included from conftest.cc:12:0:
/usr/include/stdlib.h:543:70: error: declaration of 'void std::exit(int) throw ()' has a different exception specifier
 extern void exit (int __status) __THROW __attribute__ ((__noreturn__));
                                                                      ^
conftest.cc:11:17: error: from previous declaration 'void std::exit(int)'
 extern "C" void std::exit (int); using std::exit;
                 ^
configure:2431: $? = 1
configure: failed program was:
| /* confdefs.h.  */
| 
| #define PACKAGE_NAME "tupleroute"
| #define PACKAGE_TARNAME "tupleroute"
| #define PACKAGE_VERSION "0.90-dev"
| #define PACKAGE_STRING "tupleroute 0.90-dev"
| #define PACKAGE_BUGREPORT "bugreports@paris-traceroute.net"
| #define PACKAGE "tupleroute"
| #define VERSION "0.90-dev"
| /* end confdefs.h.  */
| extern "C" void std::exit (int); using std::exit;
| #include <stdlib.h>
| int
| main ()
| {
| exit (42);
|   ;
|   return 0;
| }
configure:2425: g++ -c -g -O2  conftest.cc >&5
configure:2431: $? = 0
configure:2435: test -z 
			 || test ! -s conftest.err
configure:2438: $? = 0
configure:2441: test -s conftest.o
configure:2444: $? = 0
configure:2470: g++ -c -g -O2  conftest.cc >&5
configure:2476: $? = 0
configure:2480: test -z 
			 || test ! -s conftest.err
configure:2483: $? = 0
configure:2486: test -s conftest.o
configure:2489: $? = 0
configure:2523: checking for style of include used by make
configure:2551: result: GNU
configure:2579: checking dependency style of g++
configure:2669: result: gcc3
configure:2699: checking for a BSD-compatible install
configure:2754: result: /usr/bin/install -c
configure:2806: checking for ranlib
configure:2822: found /usr/bin/ranlib
configure:2833: result: ranlib
configure:2924: checking build system type
configure:2942: result: x86_64-unknown-linux-gnu
configure:2950: checking host system type
configure:2964: result: x86_64-unknown-linux-gnu
configure:3018: checking for gcc
configure:3034: found /usr/bin/gcc
configure:3044: result: gcc
configure:3288: checking for C compiler version
configure:3291: gcc --version </dev/null >&5
gcc (Ubuntu 4.8.4-2ubuntu1~14.04.3) 4.8.4
Copyright (C) 2013 Free Software Foundation, Inc.
This is free software; see the source for copying conditions.  There is NO
warranty; not even for MERCHANTABILITY or FITNESS FOR A PARTICULAR PURPOSE.

configure:3294: $? = 0
configure:3296: gcc -v </dev/null >&5
Using built-in specs.
COLLECT_GCC=gcc
COLLECT_LTO_WRAPPER=/usr/lib/gcc/x86_64-linux-gnu/4.8/lto-wrapper
Target: x86_64-linux-gnu
Configured with: ../src/configure -v --with-pkgversion='Ubuntu 4.8.4-2ubuntu1~14.04.3' --with-bugurl=file:///usr/share/doc/gcc-4.8/README.Bugs --enable-languages=c,c++,java,go,d,fortran,objc,obj-c++ --prefix=/usr --program-suffix=-4.8 --enable-shared --enable-linker-build-id --libexecdir=/usr/lib --without-included-gettext --enable-threads=posix --with-gxx-include-dir=/usr/include/c++/4.8 --libdir=/usr/lib --enable-nls --with-sysroot=/ --enable-clocale=gnu --enable-libstdcxx-debug --enable-libstdcxx-time=yes --enable-gnu-unique-object --disable-libmudflap --enable-plugin --with-system-zlib --disable-browser-plugin --enable-java-awt=gtk --enable-gtk-cairo --with-java-home=/usr/lib/jvm/java-1.5.0-gcj-4.8-amd64/jre --enable-java-home --with-jvm-root-dir=/usr/lib/jvm/java-1.5.0-gcj-4.8-amd64 --with-jvm-jar-dir=/usr/lib/jvm-exports/java-1.5.0-gcj-4.8-amd64 --with-arch-directory=amd64 --with-ecj-jar=/usr/share/java/eclipse-ecj.jar --enable-objc-gc --enable-multiarch --disable-werror --with-arch-32=i686 --with-abi=m64 --with-multilib-list=m32,m64,mx32 --with-tune=generic --enable-checking=release --build=x86_64-linux-gnu --host=x86_64-linux-gnu --target=x86_64-linux-gnu
Thread model: posix
gcc version 4.8.4 (Ubuntu 4.8.4-2ubuntu1~14.04.3) 
configure:3299: $? = 0
configure:3301: gcc -V </dev/null >&5
gcc: error: unrecognized command line option '-V'
gcc: fatal error: no input files
compilation terminated.
configure:3304: $? = 4
configure:3307: checking whether we are using the GNU C compiler
configure:3331: gcc -c   conftest.c >&5
configure:3337: $? = 0
configure:3341: test -z 
			 || test ! -s conftest.err
configure:3344: $? = 0
configure:3347: test -s conftest.o
configure:3350: $? = 0
configure:3363: result: yes
configure:3369: checking whether gcc accepts -g
configure:3390: gcc -c -g  conftest.c >&5
configure:3396: $? = 0
configure:3400: test -z 
			 || test ! -s conftest.err
configure:3403: $? = 0
configure:3406: test -s conftest.o
configure:3409: $? = 0
configure:3420: result: yes
configure:3437: checking for gcc option to accept ANSI C
configure:3507: gcc  -c -g -O2  conftest.c >&5
configure:3513: $? = 0
configure:3517: test -z 
			 || test ! -s conftest.err
configure:3520: $? = 0
configure:3523: test -s conftest.o
configure:3526: $? = 0
configure:3544: result: none needed
configure:3562: gcc -c -g -O2  conftest.c >&5
conftest.c:2:3: error: unknown type name 'choke'
   choke me
   ^
conftest.c:2:3: error: expected '=', ',', ';', 'asm' or '__attribute__' at end of input
configure:3568: $? = 1
configure: failed program was:
| #ifndef __cplusplus
|   choke me
| #endif
configure:3703: checking dependency style of gcc
configure:3793: result: gcc3
configure:3810: checking for a sed that does not truncate output
configure:3864: result: /bin/sed
configure:3867: checking for egrep
configure:3877: result: grep -E
configure:3893: checking for ld used by gcc
configure:3960: result: /usr/bin/ld
configure:3969: checking if the linker (/usr/bin/ld) is GNU ld
configure:3984: result: yes
configure:3989: checking for /usr/bin/ld option to reload object files
configure:3996: result: -r
configure:4014: checking for BSD-compatible nm
configure:4063: result: /usr/bin/nm -B
configure:4067: checking whether ln -s works
configure:4071: result: yes
configure:4078: checking how to recognise dependent libraries
configure:4254: result: pass_all
configure:4342: gcc -c -g -O2  conftest.c >&5
configure:4345: $? = 0
configure:4491: checking how to run the C preprocessor
configure:4526: gcc -E  conftest.c
configure:4532: $? = 0
configure:4564: gcc -E  conftest.c
conftest.c:14:28: fatal error: ac_nonexistent.h: No such file or directory
 #include <ac_nonexistent.h>
                            ^
compilation terminated.
configure:4570: $? = 1
configure: failed program was:
| /* confdefs.h.  */
| 
| #define PACKAGE_NAME "tupleroute"
| #define PACKAGE_TARNAME "tupleroute"
| #define PACKAGE_VERSION "0.90-dev"
| #define PACKAGE_STRING "tupleroute 0.90-dev"
| #define PACKAGE_BUGREPORT "bugreports@paris-traceroute.net"
| #define PACKAGE "tupleroute"
| #define VERSION "0.90-dev"
| #ifdef __cplusplus
| extern "C" void exit (int) throw ();
| #endif
| /* end confdefs.h.  */
| #include <ac_nonexistent.h>
configure:4609: result: gcc -E
configure:4633: gcc -E  conftest.c
configure:4639: $? = 0
configure:4671: gcc -E  conftest.c
conftest.c:14:28: fatal error: ac_nonexistent.h: No such file or directory
 #include <ac_nonexistent.h>
                            ^
compilation terminated.
configure:4677: $? = 1
configure: failed program was:
| /* confdefs.h.  */
| 
| #define PACKAGE_NAME "tupleroute"
| #define PACKAGE_TARNAME "tupleroute"
| #define PACKAGE_VERSION "0.90-dev"
| #define PACKAGE_STRING "tupleroute 0.90-dev"
| #define PACKAGE_BUGREPORT "bugreports@paris-traceroute.net"
| #define PACKAGE "tupleroute"
| #define VERSION "0.90-dev"
| #ifdef __cplusplus
| extern "C" void exit (int) throw ();
| #endif
| /* end confdefs.h.  */
| #include <ac_nonexistent.h>
configure:4721: checking for ANSI C header files
configure:4746: gcc -c -g -O2  conftest.c >&5
configure:4752: $? = 0
configure:4756: test -z 
			 || test ! -s conftest.err
configure:4759: $? = 0
configure:4762: test -s conftest.o
configure:4765: $? = 0
configure:4854: gcc -o conftest -g -O2   conftest.c  >&5
conftest.c: In function 'main':
conftest.c:31:7: warning: incompatible implicit declaration of built-in function 'exit' [enabled by default]
       exit(2);
       ^
configure:4857: $? = 0
configure:4859: ./conftest
configure:4862: $? = 0
configure:4877: result: yes
configure:4901: checking for sys/types.h
configure:4917: gcc -c -g -O2  conftest.c >&5
configure:4923: $? = 0
configure:4927: test -z 
			 || test ! -s conftest.err
configure:4930: $? = 0
configure:4933: test -s conftest.o
configure:4936: $? = 0
configure:4947: result: yes
configure:4901: checking for sys/stat.h
configure:4917: gcc -c -g -O2  conftest.c >&5
configure:4923: $? = 0
configure:4927: test -z 
			 || test ! -s conftest.err
configure:4930: $? = 0
configure:4933: test -s conftest.o
configure:4936: $? = 0
configure:4947: result: yes
configure:4901: checking for stdlib.h
configure:4917: gcc -c -g -O2  conftest.c >&5
configure:4923: $? = 0
configure:4927: test -z 
			 || test ! -s conftest.err
configure:4930: $? = 0
configure:4933: test -s conftest.o
configure:4936: $? = 0
configure:4947: result: yes
configure:4901: checking for string.h
configure:4917: gcc -c -g -O2  conftest.c >&5
configure:4923: $? = 0
configure:4927: test -z 
			 || test ! -s conftest.err
configure:4930: $? = 0
configure:4933: test -s conftest.o
configure:4936: $? = 0
configure:4947: result: yes
configure:4901: checking for memory.h
configure:4917: gcc -c -g -O2  conftest.c >&5
configure:4923: $? = 0
configure:4927: test -z 
			 || test ! -s conftest.err
configure:4930: $? = 0
configure:4933: test -s conftest.o
configure:4936: $? = 0
configure:4947: result: yes
configure:4901: checking for strings.h
configure:4917: gcc -c -g -O2  conftest.c >&5
configure:4923: $? = 0
configure:4927: test -z 
			 || test ! -s conftest.err
configure:4930: $? = 0
configure:4933: test -s conftest.o
configure:4936: $? = 0
configure:4947: result: yes
configure:4901: checking for inttypes.h
configure:4917: gcc -c -g -O2  conftest.c >&5
configure:4923: $? = 0
configure:4927: test -z 
			 || test ! -s conftest.err
configure:4930: $? = 0
configure:4933: test -s conftest.o
configure:4936: $? = 0
configure:4947: result: yes
configure:4901: checking for stdint.h
configure:4917: gcc -c -g -O2  conftest.c >&5
configure:4923: $? = 0
configure:4927: test -z 
			 || test ! -s conftest.err
configure:4930: $? = 0
configure:4933: test -s conftest.o
configure:4936: $? = 0
configure:4947: result: yes
configure:4901: checking for unistd.h
configure:4917: gcc -c -g -O2  conftest.c >&5
configure:4923: $? = 0
configure:4927: test -z 
			 || test ! -s conftest.err
configure:4930: $? = 0
configure:4933: test -s conftest.o
configure:4936: $? = 0
configure:4947: result: yes
configure:4973: checking dlfcn.h usability
configure:4985: gcc -c -g -O2  conftest.c >&5
configure:4991: $? = 0
configure:4995: test -z 
			 || test ! -s conftest.err
configure:4998: $? = 0
configure:5001: test -s conftest.o
configure:5004: $? = 0
configure:5014: result: yes
configure:5018: checking dlfcn.h presence
configure:5028: gcc -E  conftest.c
configure:5034: $? = 0
configure:5054: result: yes
configure:5089: checking for dlfcn.h
configure:5096: result: yes
configure:5119: checking how to run the C++ preprocessor
configure:5150: g++ -E  conftest.cc
configure:5156: $? = 0
configure:5188: g++ -E  conftest.cc
conftest.cc:25:28: fatal error: ac_nonexistent.h: No such file or directory
 #include <ac_nonexistent.h>
                            ^
compilation terminated.
configure:5194: $? = 1
configure: failed program was:
| /* confdefs.h.  */
| 
| #define PACKAGE_NAME "tupleroute"
| #define PACKAGE_TARNAME "tupleroute"
| #define PACKAGE_VERSION "0.90-dev"
| #define PACKAGE_STRING "tupleroute 0.90-dev"
| #define PACKAGE_BUGREPORT "bugreports@paris-traceroute.net"
| #define PACKAGE "tupleroute"
| #define VERSION "0.90-dev"
| #ifdef __cplusplus
| extern "C" void exit (int) throw ();
| #endif
| #define STDC_HEADERS 1
| #define HAVE_SYS_TYPES_H 1
| #define HAVE_SYS_STAT_H 1
| #define HAVE_STDLIB_H 1
| #define HAVE_STRING_H 1
| #define HAVE_MEMORY_H 1
| #define HAVE_STRINGS_H 1
| #define HAVE_INTTYPES_H 1
| #define HAVE_STDINT_H 1
| #define HAVE_UNISTD_H 1
| #define HAVE_DLFCN_H 1
| /* end confdefs.h.  */
| #include <ac_nonexistent.h>
configure:5233: result: g++ -E
configure:5257: g++ -E  conftest.cc
configure:5263: $? = 0
configure:5295: g++ -E  conftest.cc
conftest.cc:25:28: fatal error: ac_nonexistent.h: No such file or directory
 #include <ac_nonexistent.h>
                            ^
compilation terminated.
configure:5301: $? = 1
configure: failed program was:
| /* confdefs.h.  */
| 
| #define PACKAGE_NAME "tupleroute"
| #define PACKAGE_TARNAME "tupleroute"
| #define PACKAGE_VERSION "0.90-dev"
| #define PACKAGE_STRING "tupleroute 0.90-dev"
| #define PACKAGE_BUGREPORT "bugreports@paris-traceroute.net"
| #define PACKAGE "tupleroute"
| #define VERSION "0.90-dev"
| #ifdef __cplusplus
| extern "C" void exit (int) throw ();
| #endif
| #define STDC_HEADERS 1
| #define HAVE_SYS_TYPES_H 1
| #define HAVE_SYS_STAT_H 1
| #define HAVE_STDLIB_H 1
| #define HAVE_STRING_H 1
| #define HAVE_MEMORY_H 1
| #define HAVE_STRINGS_H 1
| #define HAVE_INTTYPES_H 1
| #define HAVE_STDINT_H 1
| #define HAVE_UNISTD_H 1
| #define HAVE_DLFCN_H 1
| /* end confdefs.h.  */
| #include <ac_nonexistent.h>
configure:5398: checking for g77
configure:5427: result: no
configure:5398: checking for f77
configure:5427: result: no
configure:5398: checking for xlf
configure:5427: result: no
configure:5398: checking for frt
configure:5427: result: no
configure:5398: checking for pgf77
configure:5427: result: no
configure:5398: checking for fort77
configure:5427: result: no
configure:5398: checking for fl32
configure:5427: result: no
configure:5398: checking for af77
configure:5427: result: no
configure:5398: checking for f90
configure:5427: result: no
configure:5398: checking for xlf90
configure:5427: result: no
configure:5398: checking for pgf90
configure:5427: result: no
configure:5398: checking for epcf90
configure:5427: result: no
configure:5398: checking for f95
configure:5427: result: no
configure:5398: checking for fort
configure:5427: result: no
configure:5398: checking for xlf95
configure:5427: result: no
configure:5398: checking for ifc
configure:5427: result: no
configure:5398: checking for efc
configure:5427: result: no
configure:5398: checking for pgf95
configure:5427: result: no
configure:5398: checking for lf95
configure:5427: result: no
configure:5398: checking for gfortran
configure:5427: result: no
configure:5439: checking for Fortran 77 compiler version
configure:5442:  --version </dev/null >&5
./configure: line 5443: --version: command not found
configure:5445: $? = 127
configure:5447:  -v </dev/null >&5
./configure: line 5448: -v: command not found
configure:5450: $? = 127
configure:5452:  -V </dev/null >&5
./configure: line 5453: -V: command not found
configure:5455: $? = 127
configure:5463: checking whether we are using the GNU Fortran 77 compiler
configure:5477:  -c  conftest.F >&5
./configure: line 5478: -c: command not found
configure:5483: $? = 127
configure: failed program was:
|       program main
| #ifndef __GNUC__
|        choke me
| #endif
| 
|       end
configure:5509: result: no
configure:5515: checking whether  accepts -g
configure:5527:  -c -g conftest.f >&5
./configure: line 5528: -c: command not found
configure:5533: $? = 127
configure: failed program was:
|       program main
| 
|       end
configure:5558: result: no
configure:5588: checking the maximum length of command line arguments
configure:5697: result: 32768
configure:5708: checking command to parse /usr/bin/nm -B output from gcc object
configure:5813: gcc -c -g -O2  conftest.c >&5
configure:5816: $? = 0
configure:5820: /usr/bin/nm -B conftest.o \| sed -n -e 's/^.*[ 	]\([ABCDGIRSTW][ABCDGIRSTW]*\)[ 	][ 	]*\([_A-Za-z][_A-Za-z0-9]*\)$/\1 \2 \2/p' \> conftest.nm
configure:5823: $? = 0
configure:5875: gcc -o conftest -g -O2   conftest.c conftstm.o >&5
configure:5878: $? = 0
configure:5916: result: ok
configure:5920: checking for objdir
configure:5935: result: .libs
configure:6025: checking for ar
configure:6041: found /usr/bin/ar
configure:6052: result: ar
configure:6105: checking for ranlib
configure:6132: result: ranlib
configure:6185: checking for strip
configure:6201: found /usr/bin/strip
configure:6212: result: strip
configure:6435: checking for correct ltmain.sh version
configure:6485: result: yes
configure:6545: checking if gcc supports -fno-rtti -fno-exceptions
configure:6563: gcc -c -g -O2  -fno-rtti -fno-exceptions conftest.c >&5
cc1: warning: command line option '-fno-rtti' is valid for C++/ObjC++ but not for C [enabled by default]
configure:6567: $? = 0
configure:6580: result: no
configure:6595: checking for gcc option to produce PIC
configure:6805: result: -fPIC
configure:6813: checking if gcc PIC flag -fPIC works
configure:6831: gcc -c -g -O2  -fPIC -DPIC conftest.c >&5
configure:6835: $? = 0
configure:6848: result: yes
configure:6876: checking if gcc static flag -static works
configure:6904: result: yes
configure:6914: checking if gcc supports -c -o file.o
configure:6935: gcc -c -g -O2  -o out/conftest2.o conftest.c >&5
configure:6939: $? = 0
configure:6961: result: yes
configure:6987: checking whether the gcc linker (/usr/bin/ld -m elf_x86_64) supports shared libraries
configure:7945: result: yes
configure:8012: checking dynamic linker characteristics
configure:8637: result: GNU/Linux ld.so
configure:8646: checking how to hardcode library paths into programs
configure:8671: result: immediate
configure:8685: checking whether stripping libraries is possible
configure:8690: result: yes
configure:9524: checking if libtool supports shared libraries
configure:9526: result: yes
configure:9529: checking whether to build shared libraries
configure:9550: result: no
configure:9553: checking whether to build static libraries
configure:9557: result: yes
configure:9649: creating libtool
configure:10237: checking for ld used by g++
configure:10304: result: /usr/bin/ld -m elf_x86_64
configure:10313: checking if the linker (/usr/bin/ld -m elf_x86_64) is GNU ld
configure:10328: result: yes
configure:10379: checking whether the g++ linker (/usr/bin/ld -m elf_x86_64) supports shared libraries
configure:11317: result: yes
configure:11335: g++ -c -g -O2  conftest.cpp >&5
configure:11338: $? = 0
configure:11457: checking for g++ option to produce PIC
configure:11731: result: -fPIC
configure:11739: checking if g++ PIC flag -fPIC works
configure:11757: g++ -c -g -O2  -fPIC -DPIC conftest.cpp >&5
configure:11761: $? = 0
configure:11774: result: yes
configure:11802: checking if g++ static flag -static works
configure:11830: result: yes
configure:11840: checking if g++ supports -c -o file.o
configure:11861: g++ -c -g -O2  -o out/conftest2.o conftest.cpp >&5
configure:11865: $? = 0
configure:11887: result: yes
configure:11913: checking whether the g++ linker (/usr/bin/ld -m elf_x86_64) supports shared libraries
configure:11938: result: yes
configure:12005: checking dynamic linker characteristics
configure:12630: result: GNU/Linux ld.so
configure:12639: checking how to hardcode library paths into programs
configure:12664: result: immediate
configure:18888: checking whether make sets $(MAKE)
configure:18908: result: yes
configure:18918: checking for an ANSI C-conforming const
configure:18985: gcc -c -g -O2  conftest.c >&5
configure:18991: $? = 0
configure:18995: test -z 
			 || test ! -s conftest.err
configure:18998: $? = 0
configure:19001: test -s conftest.o
configure:19004: $? = 0
configure:19015: result: yes
configure:19025: checking for inline
configure:19046: gcc -c -g -O2  conftest.c >&5
configure:19052: $? = 0
configure:19056: test -z 
			 || test ! -s conftest.err
configure:19059: $? = 0
configure:19062: test -s conftest.o
configure:19065: $? = 0
configure:19077: result: inline
configure:19096: checking for ANSI C header files
configure:19252: result: yes
configure:19262: checking for stdbool.h that conforms to C99
configure:19315: gcc -c -g -O2  conftest.c >&5
conftest.c:52:2: warning: variably modified 'd' at file scope [enabled by default]
  char d[(bool) -0.5 == true ? 1 : -1];
  ^
conftest.c:54:2: warning: variably modified 'f' at file scope [enabled by default]
  char f[(_Bool) -0.0 == false ? 1 : -1];
  ^
configure:19321: $? = 0
configure:19325: test -z 
			 || test ! -s conftest.err
configure:19328: $? = 0
configure:19331: test -s conftest.o
configure:19334: $? = 0
configure:19345: result: yes
configure:19347: checking for _Bool
configure:19371: gcc -c -g -O2  conftest.c >&5
configure:19377: $? = 0
configure:19381: test -z 
			 || test ! -s conftest.err
configure:19384: $? = 0
configure:19387: test -s conftest.o
configure:19390: $? = 0
configure:19401: result: yes
configure:19420: checking whether time.h and sys/time.h may both be included
configure:19445: gcc -c -g -O2  conftest.c >&5
configure:19451: $? = 0
configure:19455: test -z 
			 || test ! -s conftest.err
configure:19458: $? = 0
configure:19461: test -s conftest.o
configure:19464: $? = 0
configure:19475: result: yes
configure:19485: checking for pid_t
configure:19509: gcc -c -g -O2  conftest.c >&5
configure:19515: $? = 0
configure:19519: test -z 
			 || test ! -s conftest.err
configure:19522: $? = 0
configure:19525: test -s conftest.o
configure:19528: $? = 0
configure:19539: result: yes
configure:19575: checking arpa/inet.h usability
configure:19587: gcc -c -g -O2  conftest.c >&5
configure:19593: $? = 0
configure:19597: test -z 
			 || test ! -s conftest.err
configure:19600: $? = 0
configure:19603: test -s conftest.o
configure:19606: $? = 0
configure:19616: result: yes
configure:19620: checking arpa/inet.h presence
configure:19630: gcc -E  conftest.c
configure:19636: $? = 0
configure:19656: result: yes
configure:19691: checking for arpa/inet.h
configure:19698: result: yes
configure:19575: checking netdb.h usability
configure:19587: gcc -c -g -O2  conftest.c >&5
configure:19593: $? = 0
configure:19597: test -z 
			 || test ! -s conftest.err
configure:19600: $? = 0
configure:19603: test -s conftest.o
configure:19606: $? = 0
configure:19616: result: yes
configure:19620: checking netdb.h presence
configure:19630: gcc -E  conftest.c
configure:19636: $? = 0
configure:19656: result: yes
configure:19691: checking for netdb.h
configure:19698: result: yes
configure:19575: checking netinet/in.h usability
configure:19587: gcc -c -g -O2  conftest.c >&5
configure:19593: $? = 0
configure:19597: test -z 
			 || test ! -s conftest.err
configure:19600: $? = 0
configure:19603: test -s conftest.o
configure:19606: $? = 0
configure:19616: result: yes
configure:19620: checking netinet/in.h presence
configure:19630: gcc -E  conftest.c
configure:19636: $? = 0
configure:19656: result: yes
configure:19691: checking for netinet/in.h
configure:19698: result: yes
configure:19566: checking for stdlib.h
configure:19571: result: yes
configure:19566: checking for string.h
configure:19571: result: yes
configure:19575: checking sys/socket.h usability
configure:19587: gcc -c -g -O2  conftest.c >&5
configure:19593: $? = 0
configure:19597: test -z 
			 || test ! -s conftest.err
configure:19600: $? = 0
configure:19603: test -s conftest.o
configure:19606: $? = 0
configure:19616: result: yes
configure:19620: checking sys/socket.h presence
configure:19630: gcc -E  conftest.c
configure:19636: $? = 0
configure:19656: result: yes
configure:19691: checking for sys/socket.h
configure:19698: result: yes
configure:19566: checking for unistd.h
configure:19571: result: yes
configure:19575: checking sys/time.h usability
configure:19587: gcc -c -g -O2  conftest.c >&5
configure:19593: $? = 0
configure:19597: test -z 
			 || test ! -s conftest.err
configure:19600: $? = 0
configure:19603: test -s conftest.o
configure:19606: $? = 0
configure:19616: result: yes
configure:19620: checking sys/time.h presence
configure:19630: gcc -E  conftest.c
configure:19636: $? = 0
configure:19656: result: yes
configure:19691: checking for sys/time.h
configure:19698: result: yes
configure:19575: checking fcntl.h usability
configure:19587: gcc -c -g -O2  conftest.c >&5
configure:19593: $? = 0
configure:19597: test -z 
			 || test ! -s conftest.err
configure:19600: $? = 0
configure:19603: test -s conftest.o
configure:19606: $? = 0
configure:19616: result: yes
configure:19620: checking fcntl.h presence
configure:19630: gcc -E  conftest.c
configure:19636: $? = 0
configure:19656: result: yes
configure:19691: checking for fcntl.h
configure:19698: result: yes
configure:19575: checking sys/ioctl.h usability
configure:19587: gcc -c -g -O2  conftest.c >&5
configure:19593: $? = 0
configure:19597: test -z 
			 || test ! -s conftest.err
configure:19600: $? = 0
configure:19603: test -s conftest.o
configure:19606: $? = 0
configure:19616: result: yes
configure:19620: checking sys/ioctl.h presence
configure:19630: gcc -E  conftest.c
configure:19636: $? = 0
configure:19656: result: yes
configure:19691: checking for sys/ioctl.h
configure:19698: result: yes
configure:19575: checking syslog.h usability
configure:19587: gcc -c -g -O2  conftest.c >&5
configure:19593: $? = 0
configure:19597: test -z 
			 || test ! -s conftest.err
configure:19600: $? = 0
configure:19603: test -s conftest.o
configure:19606: $? = 0
configure:19616: result: yes
configure:19620: checking syslog.h presence
configure:19630: gcc -E  conftest.c
configure:19636: $? = 0
configure:19656: result: yes
configure:19691: checking for syslog.h
configure:19698: result: yes
configure:19717: checking for main in -lpthread
configure:19741: gcc -o conftest -g -O2   conftest.c -lpthread   >&5
configure:19747: $? = 0
configure:19751: test -z 
			 || test ! -s conftest.err
configure:19754: $? = 0
configure:19757: test -s conftest
configure:19760: $? = 0
configure:19773: result: yes
configure:19796: checking for memset
configure:19853: gcc -o conftest -g -O2   conftest.c -lpthread  >&5
conftest.c:65:6: warning: conflicting types for built-in function 'memset' [enabled by default]
 char memset ();
      ^
configure:19859: $? = 0
configure:19863: test -z 
			 || test ! -s conftest.err
configure:19866: $? = 0
configure:19869: test -s conftest
configure:19872: $? = 0
configure:19884: result: yes
configure:19796: checking for socket
configure:19853: gcc -o conftest -g -O2   conftest.c -lpthread  >&5
configure:19859: $? = 0
configure:19863: test -z 
			 || test ! -s conftest.err
configure:19866: $? = 0
configure:19869: test -s conftest
configure:19872: $? = 0
configure:19884: result: yes
configure:19796: checking for strdup
configure:19853: gcc -o conftest -g -O2   conftest.c -lpthread  >&5
conftest.c:67:6: warning: conflicting types for built-in function 'strdup' [enabled by default]
 char strdup ();
      ^
configure:19859: $? = 0
configure:19863: test -z 
			 || test ! -s conftest.err
configure:19866: $? = 0
configure:19869: test -s conftest
configure:19872: $? = 0
configure:19884: result: yes
configure:19796: checking for gettimeofday
configure:19853: gcc -o conftest -g -O2   conftest.c -lpthread  >&5
configure:19859: $? = 0
configure:19863: test -z 
			 || test ! -s conftest.err
configure:19866: $? = 0
configure:19869: test -s conftest
configure:19872: $? = 0
configure:19884: result: yes
configure:19796: checking for inet_ntoa
configure:19853: gcc -o conftest -g -O2   conftest.c -lpthread  >&5
configure:19859: $? = 0
configure:19863: test -z 
			 || test ! -s conftest.err
configure:19866: $? = 0
configure:19869: test -s conftest
configure:19872: $? = 0
configure:19884: result: yes
configure:19796: checking for strerror
configure:19853: gcc -o conftest -g -O2   conftest.c -lpthread  >&5
configure:19859: $? = 0
configure:19863: test -z 
			 || test ! -s conftest.err
configure:19866: $? = 0
configure:19869: test -s conftest
configure:19872: $? = 0
configure:19884: result: yes
configure:19796: checking for gethostbyaddr
configure:19853: gcc -o conftest -g -O2   conftest.c -lpthread  >&5
configure:19859: $? = 0
configure:19863: test -z 
			 || test ! -s conftest.err
configure:19866: $? = 0
configure:19869: test -s conftest
configure:19872: $? = 0
configure:19884: result: yes
configure:19796: checking for gethostbyname
configure:19853: gcc -o conftest -g -O2   conftest.c -lpthread  >&5
configure:19859: $? = 0
configure:19863: test -z 
			 || test ! -s conftest.err
configure:19866: $? = 0
configure:19869: test -s conftest
configure:19872: $? = 0
configure:19884: result: yes
configure:20029: creating ./config.status

## ---------------------- ##
## Running config.status. ##
## ---------------------- ##

This file was extended by tupleroute config.status 0.90-dev, which was
generated by GNU Autoconf 2.59.  Invocation command line was

  CONFIG_FILES    = 
  CONFIG_HEADERS  = 
  CONFIG_LINKS    = 
  CONFIG_COMMANDS = 
  $ ./config.status 

on foivos-Latitude-E6410

config.status:716: creating Makefile
config.status:716: creating src/Makefile
config.status:716: creating doc/Makefile
config.status:820: creating config.h
config.status:996: config.h is unchanged
config.status:1176: executing depfiles commands

## ---------------- ##
## Cache variables. ##
## ---------------- ##

ac_cv_build=x86_64-unknown-linux-gnu
ac_cv_build_alias=x86_64-unknown-linux-gnu
ac_cv_c_compiler_gnu=yes
ac_cv_c_const=yes
ac_cv_c_inline=inline
ac_cv_cxx_compiler_gnu=yes
ac_cv_env_CC_set=
ac_cv_env_CC_value=
ac_cv_env_CFLAGS_set=
ac_cv_env_CFLAGS_value=
ac_cv_env_CPPFLAGS_set=
ac_cv_env_CPPFLAGS_value=
ac_cv_env_CPP_set=
ac_cv_env_CPP_value=
ac_cv_env_CXXCPP_set=
ac_cv_env_CXXCPP_value=
ac_cv_env_CXXFLAGS_set=
ac_cv_env_CXXFLAGS_value=
ac_cv_env_CXX_set=
ac_cv_env_CXX_value=
ac_cv_env_F77_set=
ac_cv_env_F77_value=
ac_cv_env_FFLAGS_set=
ac_cv_env_FFLAGS_value=
ac_cv_env_LDFLAGS_set=
ac_cv_env_LDFLAGS_value=
ac_cv_env_build_alias_set=
ac_cv_env_build_alias_value=
ac_cv_env_host_alias_set=
ac_cv_env_host_alias_value=
ac_cv_env_target_alias_set=
ac_cv_env_target_alias_value=
ac_cv_exeext=
ac_cv_f77_compiler_gnu=no
ac_cv_func_gethostbyaddr=yes
ac_cv_func_gethostbyname=yes
ac_cv_func_gettimeofday=yes
ac_cv_func_inet_ntoa=yes
ac_cv_func_memset=yes
ac_cv_func_socket=yes
ac_cv_func_strdup=yes
ac_cv_func_strerror=yes
ac_cv_header_arpa_inet_h=yes
ac_cv_header_dlfcn_h=yes
ac_cv_header_fcntl_h=yes
ac_cv_header_inttypes_h=yes
ac_cv_header_memory_h=yes
ac_cv_header_netdb_h=yes
ac_cv_header_netinet_in_h=yes
ac_cv_header_stdbool_h=yes
ac_cv_header_stdc=yes
ac_cv_header_stdint_h=yes
ac_cv_header_stdlib_h=yes
ac_cv_header_string_h=yes
ac_cv_header_strings_h=yes
ac_cv_header_sys_ioctl_h=yes
ac_cv_header_sys_socket_h=yes
ac_cv_header_sys_stat_h=yes
ac_cv_header_sys_time_h=yes
ac_cv_header_sys_types_h=yes
ac_cv_header_syslog_h=yes
ac_cv_header_time=yes
ac_cv_header_unistd_h=yes
ac_cv_host=x86_64-unknown-linux-gnu
ac_cv_host_alias=x86_64-unknown-linux-gnu
ac_cv_lib_pthread_main=yes
ac_cv_objext=o
ac_cv_path_install='/usr/bin/install -c'
ac_cv_prog_AWK=gawk
ac_cv_prog_CPP='gcc -E'
ac_cv_prog_CXXCPP='g++ -E'
ac_cv_prog_ac_ct_AR=ar
ac_cv_prog_ac_ct_CC=gcc
ac_cv_prog_ac_ct_CXX=g++
ac_cv_prog_ac_ct_RANLIB=ranlib
ac_cv_prog_ac_ct_STRIP=strip
ac_cv_prog_cc_g=yes
ac_cv_prog_cc_stdc=
ac_cv_prog_cxx_g=yes
ac_cv_prog_egrep='grep -E'
ac_cv_prog_f77_g=no
ac_cv_prog_make_make_set=yes
ac_cv_type__Bool=yes
ac_cv_type_pid_t=yes
am_cv_CC_dependencies_compiler_type=gcc3
am_cv_CXX_dependencies_compiler_type=gcc3
lt_cv_deplibs_check_method=pass_all
lt_cv_file_magic_cmd='$MAGIC_CMD'
lt_cv_file_magic_test_file=
lt_cv_ld_reload_flag=-r
lt_cv_objdir=.libs
lt_cv_path_LD=/usr/bin/ld
lt_cv_path_LDCXX='/usr/bin/ld -m elf_x86_64'
lt_cv_path_NM='/usr/bin/nm -B'
lt_cv_path_SED=/bin/sed
lt_cv_prog_compiler_c_o=yes
lt_cv_prog_compiler_c_o_CXX=yes
lt_cv_prog_compiler_rtti_exceptions=no
lt_cv_prog_gnu_ld=yes
lt_cv_prog_gnu_ldcxx=yes
lt_cv_sys_global_symbol_pipe='sed -n -e '\''s/^.*[ 	]\([ABCDGIRSTW][ABCDGIRSTW]*\)[ 	][ 	]*\([_A-Za-z][_A-Za-z0-9]*\)$/\1 \2 \2/p'\'''
lt_cv_sys_global_symbol_to_c_name_address='sed -n -e '\''s/^: \([^ ]*\) $/  {\"\1\", (lt_ptr) 0},/p'\'' -e '\''s/^[BCDEGRST] \([^ ]*\) \([^ ]*\)$/  {"\2", (lt_ptr) \&\2},/p'\'''
lt_cv_sys_global_symbol_to_cdecl='sed -n -e '\''s/^. .* \(.*\)$/extern int \1;/p'\'''
lt_cv_sys_max_cmd_len=32768
lt_lt_cv_prog_compiler_c_o='"yes"'
lt_lt_cv_prog_compiler_c_o_CXX='"yes"'
lt_lt_cv_sys_global_symbol_pipe='"sed -n -e '\''s/^.*[ 	]\\([ABCDGIRSTW][ABCDGIRSTW]*\\)[ 	][ 	]*\\([_A-Za-z][_A-Za-z0-9]*\\)\$/\\1 \\2 \\2/p'\''"'
lt_lt_cv_sys_global_symbol_to_c_name_address='"sed -n -e '\''s/^: \\([^ ]*\\) \$/  {\\\"\\1\\\", (lt_ptr) 0},/p'\'' -e '\''s/^[BCDEGRST] \\([^ ]*\\) \\([^ ]*\\)\$/  {\"\\2\", (lt_ptr) \\&\\2},/p'\''"'
lt_lt_cv_sys_global_symbol_to_cdecl='"sed -n -e '\''s/^. .* \\(.*\\)\$/extern int \\1;/p'\''"'

## ----------------- ##
## Output variables. ##
## ----------------- ##

ACLOCAL='${SHELL} /home/foivos/Downloads/paris-traceroute-current/missing --run aclocal-1.9'
AMDEPBACKSLASH='\'
AMDEP_FALSE='#'
AMDEP_TRUE=''
AMTAR='${SHELL} /home/foivos/Downloads/paris-traceroute-current/missing --run tar'
AR='ar'
AUTOCONF='${SHELL} /home/foivos/Downloads/paris-traceroute-current/missing --run autoconf'
AUTOHEADER='${SHELL} /home/foivos/Downloads/paris-traceroute-current/missing --run autoheader'
AUTOMAKE='${SHELL} /home/foivos/Downloads/paris-traceroute-current/missing --run automake-1.9'
AWK='gawk'
CC='gcc'
CCDEPMODE='depmode=gcc3'
CFLAGS='-g -O2'
CPP='gcc -E'
CPPFLAGS=''
CXX='g++'
CXXCPP='g++ -E'
CXXDEPMODE='depmode=gcc3'
CXXFLAGS='-g -O2'
CYGPATH_W='echo'
DEFS='-DHAVE_CONFIG_H'
DEPDIR='.deps'
ECHO='echo'
ECHO_C=''
ECHO_N='-n'
ECHO_T=''
EGREP='grep -E'
EXEEXT=''
F77=''
FFLAGS=''
INSTALL_DATA='${INSTALL} -m 644'
INSTALL_PROGRAM='${INSTALL}'
INSTALL_SCRIPT='${INSTALL}'
INSTALL_STRIP_PROGRAM='${SHELL} $(install_sh) -c -s'
LDFLAGS=''
LIBOBJS=''
LIBS='-lpthread '
LIBTOOL='$(SHELL) $(top_builddir)/libtool'
LN_S='ln -s'
LTLIBOBJS=''
MAKEINFO='${SHELL} /home/foivos/Downloads/paris-traceroute-current/missing --run makeinfo'
OBJEXT='o'
PACKAGE='tupleroute'
PACKAGE_BUGREPORT='bugreports@paris-traceroute.net'
PACKAGE_NAME='tupleroute'
PACKAGE_STRING='tupleroute 0.90-dev'
PACKAGE_TARNAME='tupleroute'
PACKAGE_VERSION='0.90-dev'
PATH_SEPARATOR=':'
RANLIB='ranlib'
SET_MAKE=''
SHELL='/bin/bash'
STRIP='strip'
VERSION='0.90-dev'
ac_ct_AR='ar'
ac_ct_CC='gcc'
ac_ct_CXX='g++'
ac_ct_F77=''
ac_ct_RANLIB='ranlib'
ac_ct_STRIP='strip'
am__fastdepCC_FALSE='#'
am__fastdepCC_TRUE=''
am__fastdepCXX_FALSE='#'
am__fastdepCXX_TRUE=''
am__include='include'
am__leading_dot='.'
am__quote=''
am__tar='${AMTAR} chof - "$$tardir"'
am__untar='${AMTAR} xf -'
bindir='${exec_prefix}/bin'
build='x86_64-unknown-linux-gnu'
build_alias=''
build_cpu='x86_64'
build_os='linux-gnu'
build_vendor='unknown'
datadir='${prefix}/share'
exec_prefix='${prefix}'
host='x86_64-unknown-linux-gnu'
host_alias=''
host_cpu='x86_64'
host_os='linux-gnu'
host_vendor='unknown'
includedir='${prefix}/include'
infodir='${prefix}/info'
install_sh='/home/foivos/Downloads/paris-traceroute-current/install-sh'
libdir='${exec_prefix}/lib'
libexecdir='${exec_prefix}/libexec'
localstatedir='${prefix}/var'
mandir='${prefix}/man'
mkdir_p='mkdir -p --'
oldincludedir='/usr/include'
prefix='/usr/local'
program_transform_name='s,x,x,'
sbindir='${exec_prefix}/sbin'
sharedstatedir='${prefix}/com'
sysconfdir='${prefix}/etc'
target_alias=''

## ----------- ##
## confdefs.h. ##
## ----------- ##

#define DEBUG 1
#define HAVE_ARPA_INET_H 1
#define HAVE_DLFCN_H 1
#define HAVE_FCNTL_H 1
#define HAVE_GETHOSTBYADDR 1
#define HAVE_GETHOSTBYNAME 1
#define HAVE_GETTIMEOFDAY 1
#define HAVE_INET_NTOA 1
#define HAVE_INTTYPES_H 1
#define HAVE_LIBPTHREAD 1
#define HAVE_MEMORY_H 1
#define HAVE_MEMSET 1
#define HAVE_NETDB_H 1
#define HAVE_NETINET_IN_H 1
#define HAVE_SOCKET 1
#define HAVE_STDBOOL_H 1
#define HAVE_STDINT_H 1
#define HAVE_STDLIB_H 1
#define HAVE_STDLIB_H 1
#define HAVE_STRDUP 1
#define HAVE_STRERROR 1
#define HAVE_STRINGS_H 1
#define HAVE_STRING_H 1
#define HAVE_STRING_H 1
#define HAVE_SYSLOG_H 1
#define HAVE_SYS_IOCTL_H 1
#define HAVE_SYS_SOCKET_H 1
#define HAVE_SYS_STAT_H 1
#define HAVE_SYS_TIME_H 1
#define HAVE_SYS_TYPES_H 1
#define HAVE_UNISTD_H 1
#define HAVE_UNISTD_H 1
#define HAVE__BOOL 1
#define PACKAGE "tupleroute"
#define PACKAGE_BUGREPORT "bugreports@paris-traceroute.net"
#define PACKAGE_NAME "tupleroute"
#define PACKAGE_STRING "tupleroute 0.90-dev"
#define PACKAGE_TARNAME "tupleroute"
#define PACKAGE_VERSION "0.90-dev"
#define STDC_HEADERS 1
#define STDC_HEADERS 1
#define TIME_WITH_SYS_TIME 1
#define VERSION "0.90-dev"
#endif
#ifdef __cplusplus
extern "C" void exit (int) throw ();

configure: exit 0
